The system is: Linux - sh: 0: getcwd() failed: No such file or directory
4.15.0-42-generic - sh: 0: getcwd() failed: No such file or directory
x86_64
Determining if the C compiler works passed with the following output:
Change Dir: /home/michael/dev/code/traceing/build/CMakeFiles/CMakeTmp

Run Build Command:"/usr/bin/make" "cmTC_0613a/fast"
/usr/bin/make -f CMakeFiles/cmTC_0613a.dir/build.make CMakeFiles/cmTC_0613a.dir/build
make[1]: Entering directory '/home/michael/dev/code/traceing/build/CMakeFiles/CMakeTmp'
Building C object CMakeFiles/cmTC_0613a.dir/testCCompiler.c.o
/usr/bin/gcc-7    -o CMakeFiles/cmTC_0613a.dir/testCCompiler.c.o   -c /home/michael/dev/code/traceing/build/CMakeFiles/CMakeTmp/testCCompiler.c
Linking C executable cmTC_0613a
/usr/bin/cmake -E cmake_link_script CMakeFiles/cmTC_0613a.dir/link.txt --verbose=1
/usr/bin/gcc-7      CMakeFiles/cmTC_0613a.dir/testCCompiler.c.o  -o cmTC_0613a 
make[1]: Leaving directory '/home/michael/dev/code/traceing/build/CMakeFiles/CMakeTmp'


Detecting C compiler ABI info compiled with the following output:
Change Dir: /home/michael/dev/code/traceing/build/CMakeFiles/CMakeTmp

Run Build Command:"/usr/bin/make" "cmTC_723e3/fast"
/usr/bin/make -f CMakeFiles/cmTC_723e3.dir/build.make CMakeFiles/cmTC_723e3.dir/build
make[1]: Entering directory '/home/michael/dev/code/traceing/build/CMakeFiles/CMakeTmp'
Building C object CMakeFiles/cmTC_723e3.dir/CMakeCCompilerABI.c.o
/usr/bin/gcc-7    -o CMakeFiles/cmTC_723e3.dir/CMakeCCompilerABI.c.o   -c /usr/share/cmake-3.10/Modules/CMakeCCompilerABI.c
Linking C executable cmTC_723e3
/usr/bin/cmake -E cmake_link_script CMakeFiles/cmTC_723e3.dir/link.txt --verbose=1
/usr/bin/gcc-7      CMakeFiles/cmTC_723e3.dir/CMakeCCompilerABI.c.o  -o cmTC_723e3 
make[1]: Leaving directory '/home/michael/dev/code/traceing/build/CMakeFiles/CMakeTmp'


Determining if the CXX compiler works passed with the following output:
Change Dir: /home/michael/dev/code/traceing/build/CMakeFiles/CMakeTmp

Run Build Command:"/usr/bin/make" "cmTC_7e124/fast"
/usr/bin/make -f CMakeFiles/cmTC_7e124.dir/build.make CMakeFiles/cmTC_7e124.dir/build
make[1]: Entering directory '/home/michael/dev/code/traceing/build/CMakeFiles/CMakeTmp'
Building CXX object CMakeFiles/cmTC_7e124.dir/testCXXCompiler.cxx.o
/usr/bin/g++-7     -o CMakeFiles/cmTC_7e124.dir/testCXXCompiler.cxx.o -c /home/michael/dev/code/traceing/build/CMakeFiles/CMakeTmp/testCXXCompiler.cxx
Linking CXX executable cmTC_7e124
/usr/bin/cmake -E cmake_link_script CMakeFiles/cmTC_7e124.dir/link.txt --verbose=1
/usr/bin/g++-7       CMakeFiles/cmTC_7e124.dir/testCXXCompiler.cxx.o  -o cmTC_7e124 
make[1]: Leaving directory '/home/michael/dev/code/traceing/build/CMakeFiles/CMakeTmp'


Detecting CXX compiler ABI info compiled with the following output:
Change Dir: /home/michael/dev/code/traceing/build/CMakeFiles/CMakeTmp

Run Build Command:"/usr/bin/make" "cmTC_d3890/fast"
/usr/bin/make -f CMakeFiles/cmTC_d3890.dir/build.make CMakeFiles/cmTC_d3890.dir/build
make[1]: Entering directory '/home/michael/dev/code/traceing/build/CMakeFiles/CMakeTmp'
Building CXX object CMakeFiles/cmTC_d3890.dir/CMakeCXXCompilerABI.cpp.o
/usr/bin/g++-7     -o CMakeFiles/cmTC_d3890.dir/CMakeCXXCompilerABI.cpp.o -c /usr/share/cmake-3.10/Modules/CMakeCXXCompilerABI.cpp
Linking CXX executable cmTC_d3890
/usr/bin/cmake -E cmake_link_script CMakeFiles/cmTC_d3890.dir/link.txt --verbose=1
/usr/bin/g++-7       CMakeFiles/cmTC_d3890.dir/CMakeCXXCompilerABI.cpp.o  -o cmTC_d3890 
make[1]: Leaving directory '/home/michael/dev/code/traceing/build/CMakeFiles/CMakeTmp'


